<?xml version="1.0" encoding="UTF-8"?>
<!-- Generated by org.testng.reporters.JUnitReportReporter -->
<testsuite skipped="0" hostname="DESKTOP-3063GRI" name="Test2" tests="1" failures="0" timestamp="27 Aug 2019 08:31:23 GMT" time="9.139" errors="0">
  <testcase name="test" time="9.139" classname="Test2"/>
</testsuite> <!-- Test2 -->
