<?xml version="1.0" encoding="UTF-8"?>
<!-- Generated by org.testng.reporters.JUnitReportReporter -->
<testsuite skipped="0" hostname="DESKTOP-3063GRI" name="Test1" tests="1" failures="0" timestamp="27 Aug 2019 07:53:44 GMT" time="8.228" errors="0">
  <testcase name="test" time="8.228" classname="Test1"/>
</testsuite> <!-- Test1 -->
